<?xml version="1.0" encoding="UTF-8"?>
<!-- Generated by org.testng.reporters.JUnitXMLReporter -->
<testsuite hostname="MeghShiv" ignored="4" name="Sanity Test" tests="1" failures="0" timestamp="2022-12-13T21:31:13 GMT" time="21.261" errors="0">
  <testcase name="bankManagerShouldAddCustomerSuccessfully" time="11.364" classname="com.bank.testsuite.BankTest"/>
  <testcase name="bankManagerShouldOpenAccountSuccessfully" time="0.0" classname="com.bank.testsuite.BankTest">
    <ignored/>
  </testcase> <!-- bankManagerShouldOpenAccountSuccessfully -->
  <testcase name="customerShouldDepositMoneySuccessfully" time="0.0" classname="com.bank.testsuite.BankTest">
    <ignored/>
  </testcase> <!-- customerShouldDepositMoneySuccessfully -->
  <testcase name="customerShouldLoginAndLogOutSuccessfully" time="0.0" classname="com.bank.testsuite.BankTest">
    <ignored/>
  </testcase> <!-- customerShouldLoginAndLogOutSuccessfully -->
  <testcase name="customerShouldWithdrawMoneySuccessfully" time="0.0" classname="com.bank.testsuite.BankTest">
    <ignored/>
  </testcase> <!-- customerShouldWithdrawMoneySuccessfully -->
</testsuite> <!-- Sanity Test -->
