<?xml version="1.0" encoding="UTF-8"?>
<!-- Generated by org.testng.reporters.JUnitXMLReporter -->
<testsuite hostname="MeghShiv" ignored="0" name="Regression Test" tests="5" failures="0" timestamp="2022-12-13T21:28:40 GMT" time="33.033" errors="0">
  <testcase name="bankManagerShouldAddCustomerSuccessfully" time="6.159" classname="com.bank.testsuite.BankTest"/>
  <testcase name="bankManagerShouldOpenAccountSuccessfully" time="1.247" classname="com.bank.testsuite.BankTest"/>
  <testcase name="customerShouldDepositMoneySuccessfully" time="1.395" classname="com.bank.testsuite.BankTest"/>
  <testcase name="customerShouldLoginAndLogOutSuccessfully" time="0.948" classname="com.bank.testsuite.BankTest"/>
  <testcase name="customerShouldWithdrawMoneySuccessfully" time="1.175" classname="com.bank.testsuite.BankTest"/>
</testsuite> <!-- Regression Test -->
