<?xml version="1.0" encoding="UTF-8"?>
<testsuite name="Login Test"
           tests="5"
           failures="0"
           errors="0"
           skipped="0"
           time="10.856">
  <properties />
  
  
            <testcase name="bankManagerShouldAddCustomerSuccessfully" time="6.196" classname="com.bank.testsuite.BankTest" />
                <testcase name="bankManagerShouldOpenAccountSuccessfully" time="1.061" classname="com.bank.testsuite.BankTest" />
                <testcase name="customerShouldDepositMoneySuccessfully" time="1.249" classname="com.bank.testsuite.BankTest" />
                <testcase name="customerShouldLoginAndLogOutSuccessfully" time="0.964" classname="com.bank.testsuite.BankTest" />
                <testcase name="customerShouldWithdrawMoneySuccessfully" time="1.386" classname="com.bank.testsuite.BankTest" />
      
</testsuite>
