<?xml version="1.0" encoding="UTF-8"?>
<!-- Generated by org.testng.reporters.JUnitXMLReporter -->
<testsuite hostname="MeghShiv" ignored="0" name="Login Test" tests="5" failures="0" timestamp="2022-12-13T21:27:25 GMT" time="32.878" errors="0">
  <testcase name="bankManagerShouldAddCustomerSuccessfully" time="6.196" classname="com.bank.testsuite.BankTest"/>
  <testcase name="bankManagerShouldOpenAccountSuccessfully" time="1.061" classname="com.bank.testsuite.BankTest"/>
  <testcase name="customerShouldDepositMoneySuccessfully" time="1.249" classname="com.bank.testsuite.BankTest"/>
  <testcase name="customerShouldLoginAndLogOutSuccessfully" time="0.964" classname="com.bank.testsuite.BankTest"/>
  <testcase name="customerShouldWithdrawMoneySuccessfully" time="1.386" classname="com.bank.testsuite.BankTest"/>
</testsuite> <!-- Login Test -->
